  Pract_13_Demin.cpp
C:\Users\HardShop\Desktop\Projects\Pract_13_Sys\Pract_13_Demin.cpp(52,69): warning C4311: приведение типов: усечение указателя из "LPVOID" в "int"
C:\Users\HardShop\Desktop\Projects\Pract_13_Sys\Pract_13_Demin.cpp(52,69): warning C4302: приведение типов: усечение из "LPVOID" к "int"
C:\Users\HardShop\Desktop\Projects\Pract_13_Sys\Pract_13_Demin.cpp(53,32): warning C4311: приведение типов: усечение указателя из "LPVOID" в "int"
C:\Users\HardShop\Desktop\Projects\Pract_13_Sys\Pract_13_Demin.cpp(53,32): warning C4302: приведение типов: усечение из "LPVOID" к "int"
C:\Users\HardShop\Desktop\Projects\Pract_13_Sys\Pract_13_Demin.cpp(76,46): warning C4311: приведение типов: усечение указателя из "LPVOID" в "int"
C:\Users\HardShop\Desktop\Projects\Pract_13_Sys\Pract_13_Demin.cpp(76,46): warning C4302: приведение типов: усечение из "LPVOID" к "int"
C:\Users\HardShop\Desktop\Projects\Pract_13_Sys\Pract_13_Demin.cpp(77,44): warning C4311: приведение типов: усечение указателя из "LPVOID" в "int"
C:\Users\HardShop\Desktop\Projects\Pract_13_Sys\Pract_13_Demin.cpp(77,44): warning C4302: приведение типов: усечение из "LPVOID" к "int"
C:\Users\HardShop\Desktop\Projects\Pract_13_Sys\Pract_13_Demin.cpp(112,19): warning C4244: инициализация: преобразование "double" в "int", возможна потеря данных
C:\Users\HardShop\Desktop\Projects\Pract_13_Sys\Pract_13_Demin.cpp(113,77): warning C4312: приведение типов: преобразование из "int" в "void *" большего размера
C:\Users\HardShop\Desktop\Projects\Pract_13_Sys\Pract_13_Demin.cpp(117,82): warning C4312: приведение типов: преобразование из "int" в "void *" большего размера
C:\Users\HardShop\Desktop\Projects\Pract_13_Sys\Pract_13_Demin.cpp(152,20): warning C4244: инициализация: преобразование "ULONGLONG" в "int", возможна потеря данных
C:\Users\HardShop\Desktop\Projects\Pract_13_Sys\Pract_13_Demin.cpp(154,19): warning C4244: инициализация: преобразование "ULONGLONG" в "int", возможна потеря данных
C:\Users\HardShop\Desktop\Projects\Pract_13_Sys\Pract_13_Demin.cpp(173,23): warning C4244: инициализация: преобразование "ULONGLONG" в "int", возможна потеря данных
C:\Users\HardShop\Desktop\Projects\Pract_13_Sys\Pract_13_Demin.cpp(177,37): warning C4244: =: преобразование "ULONGLONG" в "int", возможна потеря данных
C:\Users\HardShop\Desktop\Projects\Pract_13_Sys\Pract_13_Demin.cpp(185,40): warning C4244: =: преобразование "ULONGLONG" в "int", возможна потеря данных
C:\Users\HardShop\Desktop\Projects\Pract_13_Sys\Pract_13_Demin.cpp(109,17): warning C4101: si: неиспользованная локальная переменная
C:\Users\HardShop\Desktop\Projects\Pract_13_Sys\Pract_13_Demin.cpp(200,17): warning C4311: приведение типов: усечение указателя из "LPVOID" в "int"
C:\Users\HardShop\Desktop\Projects\Pract_13_Sys\Pract_13_Demin.cpp(200,17): warning C4302: приведение типов: усечение из "LPVOID" к "int"
C:\Users\HardShop\Desktop\Projects\Pract_13_Sys\Pract_13_Demin.cpp(204,20): warning C4244: инициализация: преобразование "ULONGLONG" в "int", возможна потеря данных
C:\Users\HardShop\Desktop\Projects\Pract_13_Sys\Pract_13_Demin.cpp(205,18): warning C4244: инициализация: преобразование "ULONGLONG" в "int", возможна потеря данных
C:\Users\HardShop\Desktop\Projects\Pract_13_Sys\Pract_13_Demin.cpp(210,23): warning C4244: инициализация: преобразование "ULONGLONG" в "int", возможна потеря данных
C:\Users\HardShop\Desktop\Projects\Pract_13_Sys\Pract_13_Demin.cpp(213,39): warning C4244: =: преобразование "ULONGLONG" в "int", возможна потеря данных
C:\Users\HardShop\Desktop\Projects\Pract_13_Sys\Pract_13_Demin.cpp(218,40): warning C4244: =: преобразование "ULONGLONG" в "int", возможна потеря данных
C:\Users\HardShop\Desktop\Projects\Pract_13_Sys\Pract_13_Demin.cpp(266,52): warning C4312: приведение типов: преобразование из "int" в "void *" большего размера
  Pract_13_Demin.vcxproj -> C:\Users\HardShop\Desktop\Projects\Pract_13_Sys\x64\Debug\Pract_13_Demin.exe
